[debug] [2020-12-15T07:36:12.020Z] ----------------------------------------------------------------------
[debug] [2020-12-15T07:36:12.026Z] Command:       C:\node.exe C:\Users\anush\AppData\Roaming\npm\node_modules\firebase-tools\lib\bin\firebase.js init
[debug] [2020-12-15T07:36:12.027Z] CLI Version:   8.17.0
[debug] [2020-12-15T07:36:12.027Z] Platform:      win32
[debug] [2020-12-15T07:36:12.027Z] Node Version:  v14.15.0
[debug] [2020-12-15T07:36:12.031Z] Time:          Tue Dec 15 2020 13:06:12 GMT+0530 (India Standard Time)
[debug] [2020-12-15T07:36:12.031Z] ----------------------------------------------------------------------
[debug] [2020-12-15T07:36:12.031Z] 
[debug] [2020-12-15T07:36:12.038Z] >>> [apiv2][query] GET https://firebase-public.firebaseio.com/cli.json [none]
[debug] [2020-12-15T07:36:12.111Z] > command requires scopes: ["email","openid","https://www.googleapis.com/auth/cloudplatformprojects.readonly","https://www.googleapis.com/auth/firebase","https://www.googleapis.com/auth/cloud-platform"]
[debug] [2020-12-15T07:36:12.113Z] > authorizing via signed-in user
[info] 
     ######## #### ########  ######## ########     ###     ######  ########
     ##        ##  ##     ## ##       ##     ##  ##   ##  ##       ##
     ######    ##  ########  ######   ########  #########  ######  ######
     ##        ##  ##    ##  ##       ##     ## ##     ##       ## ##
     ##       #### ##     ## ######## ########  ##     ##  ######  ########

You're about to initialize a Firebase project in this directory:

  C:\TempProj\Testproj

Before we get started, keep in mind:

  * You are currently outside your home directory

[debug] [2020-12-15T07:36:13.491Z] <<< [apiv2][status] GET https://firebase-public.firebaseio.com/cli.json 200
[debug] [2020-12-15T07:36:13.492Z] <<< [apiv2][body] GET https://firebase-public.firebaseio.com/cli.json {"cloudBuildErrorAfter":1594252800000,"cloudBuildWarnAfter":1590019200000,"defaultNode10After":1594252800000,"minVersion":"3.0.5","node8DeploysDisabledAfter":1613390400000,"node8RuntimeDisabledAfter":1615809600000,"node8WarnAfter":1600128000000}
